開始在D:\wamp\www\h9\01a目錄下刪除已有翻譯檔存在的檔案
尋找檔案D:\wamp\www\h9\01a\admin\language\en-gb\catalog\attribute.php |結果:沒找到檔案
尋找檔案D:\wamp\www\h9\01a\admin\language\en-gb\catalog\attribute_group.php |結果:沒找到檔案
尋找檔案D:\wamp\www\h9\01a\admin\language\en-gb\catalog\category.php |結果:沒找到檔案
尋找檔案D:\wamp\www\h9\01a\admin\language\en-gb\catalog\download.php |結果:沒找到檔案
尋找檔案D:\wamp\www\h9\01a\admin\language\en-gb\catalog\filter.php |結果:沒找到檔案
尋找檔案D:\wamp\www\h9\01a\admin\language\en-gb\catalog\information.php |結果:沒找到檔案
尋找檔案D:\wamp\www\h9\01a\admin\language\en-gb\catalog\manufacturer.php |結果:沒找到檔案
尋找檔案D:\wamp\www\h9\01a\admin\language\en-gb\catalog\option.php |結果:沒找到檔案
尋找檔案D:\wamp\www\h9\01a\admin\language\en-gb\catalog\product.php |結果:沒找到檔案
尋找檔案D:\wamp\www\h9\01a\admin\language\en-gb\catalog\recurring.php |結果:沒找到檔案
尋找檔案D:\wamp\www\h9\01a\admin\language\en-gb\catalog\review.php |結果:沒找到檔案
尋找檔案D:\wamp\www\h9\01a\admin\language\en-gb\common\column_left.php |結果:沒找到檔案
尋找檔案D:\wamp\www\h9\01a\admin\language\en-gb\common\dashboard.php |結果:沒找到檔案
尋找檔案D:\wamp\www\h9\01a\admin\language\en-gb\common\filemanager.php |結果:沒找到檔案
尋找檔案D:\wamp\www\h9\01a\admin\language\en-gb\common\footer.php |結果:沒找到檔案
尋找檔案D:\wamp\www\h9\01a\admin\language\en-gb\common\forgotten.php |結果:沒找到檔案
尋找檔案D:\wamp\www\h9\01a\admin\language\en-gb\common\header.php |結果:沒找到檔案
尋找檔案D:\wamp\www\h9\01a\admin\language\en-gb\common\login.php |結果:沒找到檔案
尋找檔案D:\wamp\www\h9\01a\admin\language\en-gb\common\reset.php |結果:沒找到檔案
尋找檔案D:\wamp\www\h9\01a\admin\language\en-gb\customer\customer.php |結果:沒找到檔案
尋找檔案D:\wamp\www\h9\01a\admin\language\en-gb\customer\customer_group.php |結果:沒找到檔案
尋找檔案D:\wamp\www\h9\01a\admin\language\en-gb\customer\custom_field.php |結果:沒找到檔案
尋找檔案D:\wamp\www\h9\01a\admin\language\en-gb\design\banner.php |結果:沒找到檔案
尋找檔案D:\wamp\www\h9\01a\admin\language\en-gb\design\language.php |結果:沒找到檔案
尋找檔案D:\wamp\www\h9\01a\admin\language\en-gb\design\layout.php |結果:沒找到檔案
尋找檔案D:\wamp\www\h9\01a\admin\language\en-gb\design\menu.php |結果:沒找到檔案
尋找檔案D:\wamp\www\h9\01a\admin\language\en-gb\design\theme.php |結果:沒找到檔案
尋找檔案D:\wamp\www\h9\01a\admin\language\en-gb\design\translation.php |結果:沒找到檔案
尋找檔案D:\wamp\www\h9\01a\admin\language\en-gb\error\not_found.php |結果:沒找到檔案
尋找檔案D:\wamp\www\h9\01a\admin\language\en-gb\error\permission.php |結果:沒找到檔案
尋找檔案D:\wamp\www\h9\01a\admin\language\en-gb\extension\analytics\google_analytics.php |結果:找到檔案並刪除檔案
尋找檔案D:\wamp\www\h9\01a\admin\language\en-gb\extension\captcha\basic_captcha.php |結果:找到檔案並刪除檔案
尋找檔案D:\wamp\www\h9\01a\admin\language\en-gb\extension\captcha\google_captcha.php |結果:找到檔案並刪除檔案
尋找檔案D:\wamp\www\h9\01a\admin\language\en-gb\extension\dashboard\activity.php |結果:找到檔案並刪除檔案
尋找檔案D:\wamp\www\h9\01a\admin\language\en-gb\extension\dashboard\chart.php |結果:找到檔案並刪除檔案
尋找檔案D:\wamp\www\h9\01a\admin\language\en-gb\extension\dashboard\customer.php |結果:找到檔案並刪除檔案
尋找檔案D:\wamp\www\h9\01a\admin\language\en-gb\extension\dashboard\map.php |結果:找到檔案並刪除檔案
尋找檔案D:\wamp\www\h9\01a\admin\language\en-gb\extension\dashboard\online.php |結果:找到檔案並刪除檔案
尋找檔案D:\wamp\www\h9\01a\admin\language\en-gb\extension\dashboard\order.php |結果:找到檔案並刪除檔案
尋找檔案D:\wamp\www\h9\01a\admin\language\en-gb\extension\dashboard\recent.php |結果:找到檔案並刪除檔案
尋找檔案D:\wamp\www\h9\01a\admin\language\en-gb\extension\dashboard\sale.php |結果:找到檔案並刪除檔案
尋找檔案D:\wamp\www\h9\01a\admin\language\en-gb\extension\event.php |結果:找到檔案並刪除檔案
尋找檔案D:\wamp\www\h9\01a\admin\language\en-gb\extension\extension\analytics.php |結果:找到檔案並刪除檔案
尋找檔案D:\wamp\www\h9\01a\admin\language\en-gb\extension\extension\captcha.php |結果:找到檔案並刪除檔案
尋找檔案D:\wamp\www\h9\01a\admin\language\en-gb\extension\extension\dashboard.php |結果:找到檔案並刪除檔案
尋找檔案D:\wamp\www\h9\01a\admin\language\en-gb\extension\extension\feed.php |結果:找到檔案並刪除檔案
尋找檔案D:\wamp\www\h9\01a\admin\language\en-gb\extension\extension\fraud.php |結果:找到檔案並刪除檔案
尋找檔案D:\wamp\www\h9\01a\admin\language\en-gb\extension\extension\installer.php |結果:沒找到檔案
尋找檔案D:\wamp\www\h9\01a\admin\language\en-gb\extension\extension\modification.php |結果:沒找到檔案
尋找檔案D:\wamp\www\h9\01a\admin\language\en-gb\extension\extension\module.php |結果:找到檔案並刪除檔案
尋找檔案D:\wamp\www\h9\01a\admin\language\en-gb\extension\extension\openbay.php |結果:找到檔案並刪除檔案
尋找檔案D:\wamp\www\h9\01a\admin\language\en-gb\extension\extension\payment.php |結果:找到檔案並刪除檔案
尋找檔案D:\wamp\www\h9\01a\admin\language\en-gb\extension\extension\shipping.php |結果:找到檔案並刪除檔案
尋找檔案D:\wamp\www\h9\01a\admin\language\en-gb\extension\extension\theme.php |結果:找到檔案並刪除檔案
尋找檔案D:\wamp\www\h9\01a\admin\language\en-gb\extension\extension\total.php |結果:找到檔案並刪除檔案
尋找檔案D:\wamp\www\h9\01a\admin\language\en-gb\extension\extension.php |結果:找到檔案並刪除檔案
尋找檔案D:\wamp\www\h9\01a\admin\language\en-gb\extension\feed\google_base.php |結果:找到檔案並刪除檔案
尋找檔案D:\wamp\www\h9\01a\admin\language\en-gb\extension\feed\google_sitemap.php |結果:找到檔案並刪除檔案
尋找檔案D:\wamp\www\h9\01a\admin\language\en-gb\extension\feed\openbaypro.php |結果:找到檔案並刪除檔案
尋找檔案D:\wamp\www\h9\01a\admin\language\en-gb\extension\fraud\fraudlabspro.php |結果:找到檔案並刪除檔案
尋找檔案D:\wamp\www\h9\01a\admin\language\en-gb\extension\fraud\ip.php |結果:找到檔案並刪除檔案
尋找檔案D:\wamp\www\h9\01a\admin\language\en-gb\extension\fraud\maxmind.php |結果:找到檔案並刪除檔案
尋找檔案D:\wamp\www\h9\01a\admin\language\en-gb\extension\installer.php |結果:找到檔案並刪除檔案
尋找檔案D:\wamp\www\h9\01a\admin\language\en-gb\extension\modification.php |結果:找到檔案並刪除檔案
尋找檔案D:\wamp\www\h9\01a\admin\language\en-gb\extension\module\account.php |結果:找到檔案並刪除檔案
尋找檔案D:\wamp\www\h9\01a\admin\language\en-gb\extension\module\affiliate.php |結果:找到檔案並刪除檔案
尋找檔案D:\wamp\www\h9\01a\admin\language\en-gb\extension\module\amazon_login.php |結果:找到檔案並刪除檔案
尋找檔案D:\wamp\www\h9\01a\admin\language\en-gb\extension\module\amazon_pay.php |結果:找到檔案並刪除檔案
尋找檔案D:\wamp\www\h9\01a\admin\language\en-gb\extension\module\banner.php |結果:找到檔案並刪除檔案
尋找檔案D:\wamp\www\h9\01a\admin\language\en-gb\extension\module\bestseller.php |結果:找到檔案並刪除檔案
尋找檔案D:\wamp\www\h9\01a\admin\language\en-gb\extension\module\carousel.php |結果:找到檔案並刪除檔案
尋找檔案D:\wamp\www\h9\01a\admin\language\en-gb\extension\module\category.php |結果:找到檔案並刪除檔案
尋找檔案D:\wamp\www\h9\01a\admin\language\en-gb\extension\module\divido_calculator.php |結果:找到檔案並刪除檔案
尋找檔案D:\wamp\www\h9\01a\admin\language\en-gb\extension\module\ebay_listing.php |結果:找到檔案並刪除檔案
尋找檔案D:\wamp\www\h9\01a\admin\language\en-gb\extension\module\featured.php |結果:找到檔案並刪除檔案
尋找檔案D:\wamp\www\h9\01a\admin\language\en-gb\extension\module\filter.php |結果:找到檔案並刪除檔案
尋找檔案D:\wamp\www\h9\01a\admin\language\en-gb\extension\module\google_hangouts.php |結果:找到檔案並刪除檔案
尋找檔案D:\wamp\www\h9\01a\admin\language\en-gb\extension\module\html.php |結果:找到檔案並刪除檔案
尋找檔案D:\wamp\www\h9\01a\admin\language\en-gb\extension\module\information.php |結果:找到檔案並刪除檔案
尋找檔案D:\wamp\www\h9\01a\admin\language\en-gb\extension\module\klarna_checkout_module.php |結果:找到檔案並刪除檔案
尋找檔案D:\wamp\www\h9\01a\admin\language\en-gb\extension\module\latest.php |結果:找到檔案並刪除檔案
尋找檔案D:\wamp\www\h9\01a\admin\language\en-gb\extension\module\laybuy_layout.php |結果:找到檔案並刪除檔案
尋找檔案D:\wamp\www\h9\01a\admin\language\en-gb\extension\module\pilibaba_button.php |結果:找到檔案並刪除檔案
尋找檔案D:\wamp\www\h9\01a\admin\language\en-gb\extension\module\pp_button.php |結果:找到檔案並刪除檔案
尋找檔案D:\wamp\www\h9\01a\admin\language\en-gb\extension\module\pp_login.php |結果:找到檔案並刪除檔案
尋找檔案D:\wamp\www\h9\01a\admin\language\en-gb\extension\module\sagepay_direct_cards.php |結果:找到檔案並刪除檔案
尋找檔案D:\wamp\www\h9\01a\admin\language\en-gb\extension\module\sagepay_server_cards.php |結果:找到檔案並刪除檔案
尋找檔案D:\wamp\www\h9\01a\admin\language\en-gb\extension\module\slideshow.php |結果:找到檔案並刪除檔案
尋找檔案D:\wamp\www\h9\01a\admin\language\en-gb\extension\module\special.php |結果:找到檔案並刪除檔案
尋找檔案D:\wamp\www\h9\01a\admin\language\en-gb\extension\module\store.php |結果:找到檔案並刪除檔案
尋找檔案D:\wamp\www\h9\01a\admin\language\en-gb\extension\openbay\amazon.php |結果:找到檔案並刪除檔案
尋找檔案D:\wamp\www\h9\01a\admin\language\en-gb\extension\openbay\amazonus.php |結果:找到檔案並刪除檔案
尋找檔案D:\wamp\www\h9\01a\admin\language\en-gb\extension\openbay\amazonus_bulk_linking.php |結果:找到檔案並刪除檔案
尋找檔案D:\wamp\www\h9\01a\admin\language\en-gb\extension\openbay\amazonus_bulk_listing.php |結果:找到檔案並刪除檔案
尋找檔案D:\wamp\www\h9\01a\admin\language\en-gb\extension\openbay\amazonus_links.php |結果:找到檔案並刪除檔案
尋找檔案D:\wamp\www\h9\01a\admin\language\en-gb\extension\openbay\amazonus_listing.php |結果:找到檔案並刪除檔案
尋找檔案D:\wamp\www\h9\01a\admin\language\en-gb\extension\openbay\amazonus_listingsaved.php |結果:找到檔案並刪除檔案
尋找檔案D:\wamp\www\h9\01a\admin\language\en-gb\extension\openbay\amazonus_settings.php |結果:找到檔案並刪除檔案
尋找檔案D:\wamp\www\h9\01a\admin\language\en-gb\extension\openbay\amazonus_stockupdates.php |結果:找到檔案並刪除檔案
尋找檔案D:\wamp\www\h9\01a\admin\language\en-gb\extension\openbay\amazonus_subscription.php |結果:找到檔案並刪除檔案
尋找檔案D:\wamp\www\h9\01a\admin\language\en-gb\extension\openbay\amazon_bulk_linking.php |結果:找到檔案並刪除檔案
尋找檔案D:\wamp\www\h9\01a\admin\language\en-gb\extension\openbay\amazon_bulk_listing.php |結果:找到檔案並刪除檔案
尋找檔案D:\wamp\www\h9\01a\admin\language\en-gb\extension\openbay\amazon_links.php |結果:找到檔案並刪除檔案
尋找檔案D:\wamp\www\h9\01a\admin\language\en-gb\extension\openbay\amazon_listing.php |結果:找到檔案並刪除檔案
尋找檔案D:\wamp\www\h9\01a\admin\language\en-gb\extension\openbay\amazon_listingsaved.php |結果:找到檔案並刪除檔案
尋找檔案D:\wamp\www\h9\01a\admin\language\en-gb\extension\openbay\amazon_settings.php |結果:找到檔案並刪除檔案
尋找檔案D:\wamp\www\h9\01a\admin\language\en-gb\extension\openbay\amazon_stockupdates.php |結果:找到檔案並刪除檔案
尋找檔案D:\wamp\www\h9\01a\admin\language\en-gb\extension\openbay\amazon_subscription.php |結果:找到檔案並刪除檔案
尋找檔案D:\wamp\www\h9\01a\admin\language\en-gb\extension\openbay\ebay.php |結果:找到檔案並刪除檔案
尋找檔案D:\wamp\www\h9\01a\admin\language\en-gb\extension\openbay\ebay_edit.php |結果:找到檔案並刪除檔案
尋找檔案D:\wamp\www\h9\01a\admin\language\en-gb\extension\openbay\ebay_import.php |結果:找到檔案並刪除檔案
尋找檔案D:\wamp\www\h9\01a\admin\language\en-gb\extension\openbay\ebay_links.php |結果:找到檔案並刪除檔案
尋找檔案D:\wamp\www\h9\01a\admin\language\en-gb\extension\openbay\ebay_new.php |結果:找到檔案並刪除檔案
尋找檔案D:\wamp\www\h9\01a\admin\language\en-gb\extension\openbay\ebay_newbulk.php |結果:找到檔案並刪除檔案
尋找檔案D:\wamp\www\h9\01a\admin\language\en-gb\extension\openbay\ebay_orders.php |結果:找到檔案並刪除檔案
尋找檔案D:\wamp\www\h9\01a\admin\language\en-gb\extension\openbay\ebay_profile.php |結果:找到檔案並刪除檔案
尋找檔案D:\wamp\www\h9\01a\admin\language\en-gb\extension\openbay\ebay_settings.php |結果:找到檔案並刪除檔案
尋找檔案D:\wamp\www\h9\01a\admin\language\en-gb\extension\openbay\ebay_subscription.php |結果:找到檔案並刪除檔案
尋找檔案D:\wamp\www\h9\01a\admin\language\en-gb\extension\openbay\ebay_summary.php |結果:找到檔案並刪除檔案
尋找檔案D:\wamp\www\h9\01a\admin\language\en-gb\extension\openbay\ebay_syncronise.php |結果:找到檔案並刪除檔案
尋找檔案D:\wamp\www\h9\01a\admin\language\en-gb\extension\openbay\ebay_template.php |結果:找到檔案並刪除檔案
尋找檔案D:\wamp\www\h9\01a\admin\language\en-gb\extension\openbay\ebay_usage.php |結果:找到檔案並刪除檔案
尋找檔案D:\wamp\www\h9\01a\admin\language\en-gb\extension\openbay\etsy.php |結果:找到檔案並刪除檔案
尋找檔案D:\wamp\www\h9\01a\admin\language\en-gb\extension\openbay\etsy_create.php |結果:找到檔案並刪除檔案
尋找檔案D:\wamp\www\h9\01a\admin\language\en-gb\extension\openbay\etsy_edit.php |結果:找到檔案並刪除檔案
尋找檔案D:\wamp\www\h9\01a\admin\language\en-gb\extension\openbay\etsy_links.php |結果:找到檔案並刪除檔案
尋找檔案D:\wamp\www\h9\01a\admin\language\en-gb\extension\openbay\etsy_listings.php |結果:找到檔案並刪除檔案
尋找檔案D:\wamp\www\h9\01a\admin\language\en-gb\extension\openbay\etsy_settings.php |結果:找到檔案並刪除檔案
尋找檔案D:\wamp\www\h9\01a\admin\language\en-gb\extension\openbay\fba.php |結果:找到檔案並刪除檔案
尋找檔案D:\wamp\www\h9\01a\admin\language\en-gb\extension\openbay\fba_fulfillment.php |結果:找到檔案並刪除檔案
尋找檔案D:\wamp\www\h9\01a\admin\language\en-gb\extension\openbay\fba_fulfillment_list.php |結果:找到檔案並刪除檔案
尋找檔案D:\wamp\www\h9\01a\admin\language\en-gb\extension\openbay\fba_order.php |結果:找到檔案並刪除檔案
尋找檔案D:\wamp\www\h9\01a\admin\language\en-gb\extension\openbay\fba_settings.php |結果:找到檔案並刪除檔案
尋找檔案D:\wamp\www\h9\01a\admin\language\en-gb\extension\openbay\openbay_itemlist.php |結果:找到檔案並刪除檔案
尋找檔案D:\wamp\www\h9\01a\admin\language\en-gb\extension\openbay\openbay_menu.php |結果:找到檔案並刪除檔案
尋找檔案D:\wamp\www\h9\01a\admin\language\en-gb\extension\openbay\openbay_order.php |結果:找到檔案並刪除檔案
尋找檔案D:\wamp\www\h9\01a\admin\language\en-gb\extension\openbay.php |結果:找到檔案並刪除檔案
尋找檔案D:\wamp\www\h9\01a\admin\language\en-gb\extension\payment\amazon_login_pay.php |結果:找到檔案並刪除檔案
尋找檔案D:\wamp\www\h9\01a\admin\language\en-gb\extension\payment\authorizenet_aim.php |結果:找到檔案並刪除檔案
尋找檔案D:\wamp\www\h9\01a\admin\language\en-gb\extension\payment\authorizenet_sim.php |結果:找到檔案並刪除檔案
尋找檔案D:\wamp\www\h9\01a\admin\language\en-gb\extension\payment\bank_transfer.php |結果:找到檔案並刪除檔案
尋找檔案D:\wamp\www\h9\01a\admin\language\en-gb\extension\payment\bluepay_hosted.php |結果:找到檔案並刪除檔案
尋找檔案D:\wamp\www\h9\01a\admin\language\en-gb\extension\payment\bluepay_redirect.php |結果:找到檔案並刪除檔案
尋找檔案D:\wamp\www\h9\01a\admin\language\en-gb\extension\payment\cardconnect.php |結果:找到檔案並刪除檔案
尋找檔案D:\wamp\www\h9\01a\admin\language\en-gb\extension\payment\cardinity.php |結果:找到檔案並刪除檔案
尋找檔案D:\wamp\www\h9\01a\admin\language\en-gb\extension\payment\cheque.php |結果:找到檔案並刪除檔案
尋找檔案D:\wamp\www\h9\01a\admin\language\en-gb\extension\payment\cod.php |結果:找到檔案並刪除檔案
尋找檔案D:\wamp\www\h9\01a\admin\language\en-gb\extension\payment\divido.php |結果:找到檔案並刪除檔案
尋找檔案D:\wamp\www\h9\01a\admin\language\en-gb\extension\payment\eway.php |結果:找到檔案並刪除檔案
尋找檔案D:\wamp\www\h9\01a\admin\language\en-gb\extension\payment\firstdata.php |結果:找到檔案並刪除檔案
尋找檔案D:\wamp\www\h9\01a\admin\language\en-gb\extension\payment\firstdata_remote.php |結果:找到檔案並刪除檔案
尋找檔案D:\wamp\www\h9\01a\admin\language\en-gb\extension\payment\free_checkout.php |結果:找到檔案並刪除檔案
尋找檔案D:\wamp\www\h9\01a\admin\language\en-gb\extension\payment\g2apay.php |結果:找到檔案並刪除檔案
尋找檔案D:\wamp\www\h9\01a\admin\language\en-gb\extension\payment\globalpay.php |結果:找到檔案並刪除檔案
尋找檔案D:\wamp\www\h9\01a\admin\language\en-gb\extension\payment\globalpay_remote.php |結果:找到檔案並刪除檔案
尋找檔案D:\wamp\www\h9\01a\admin\language\en-gb\extension\payment\klarna_account.php |結果:找到檔案並刪除檔案
尋找檔案D:\wamp\www\h9\01a\admin\language\en-gb\extension\payment\klarna_checkout.php |結果:找到檔案並刪除檔案
尋找檔案D:\wamp\www\h9\01a\admin\language\en-gb\extension\payment\klarna_invoice.php |結果:找到檔案並刪除檔案
尋找檔案D:\wamp\www\h9\01a\admin\language\en-gb\extension\payment\laybuy.php |結果:找到檔案並刪除檔案
尋找檔案D:\wamp\www\h9\01a\admin\language\en-gb\extension\payment\liqpay.php |結果:找到檔案並刪除檔案
尋找檔案D:\wamp\www\h9\01a\admin\language\en-gb\extension\payment\nochex.php |結果:找到檔案並刪除檔案
尋找檔案D:\wamp\www\h9\01a\admin\language\en-gb\extension\payment\paymate.php |結果:找到檔案並刪除檔案
尋找檔案D:\wamp\www\h9\01a\admin\language\en-gb\extension\payment\paypoint.php |結果:找到檔案並刪除檔案
尋找檔案D:\wamp\www\h9\01a\admin\language\en-gb\extension\payment\payza.php |結果:找到檔案並刪除檔案
尋找檔案D:\wamp\www\h9\01a\admin\language\en-gb\extension\payment\perpetual_payments.php |結果:找到檔案並刪除檔案
尋找檔案D:\wamp\www\h9\01a\admin\language\en-gb\extension\payment\pilibaba.php |結果:找到檔案並刪除檔案
尋找檔案D:\wamp\www\h9\01a\admin\language\en-gb\extension\payment\pp_express.php |結果:找到檔案並刪除檔案
尋找檔案D:\wamp\www\h9\01a\admin\language\en-gb\extension\payment\pp_express_order.php |結果:找到檔案並刪除檔案
尋找檔案D:\wamp\www\h9\01a\admin\language\en-gb\extension\payment\pp_express_refund.php |結果:找到檔案並刪除檔案
尋找檔案D:\wamp\www\h9\01a\admin\language\en-gb\extension\payment\pp_express_search.php |結果:找到檔案並刪除檔案
尋找檔案D:\wamp\www\h9\01a\admin\language\en-gb\extension\payment\pp_express_view.php |結果:找到檔案並刪除檔案
尋找檔案D:\wamp\www\h9\01a\admin\language\en-gb\extension\payment\pp_payflow.php |結果:找到檔案並刪除檔案
尋找檔案D:\wamp\www\h9\01a\admin\language\en-gb\extension\payment\pp_payflow_iframe.php |結果:找到檔案並刪除檔案
尋找檔案D:\wamp\www\h9\01a\admin\language\en-gb\extension\payment\pp_pro.php |結果:找到檔案並刪除檔案
尋找檔案D:\wamp\www\h9\01a\admin\language\en-gb\extension\payment\pp_pro_iframe.php |結果:找到檔案並刪除檔案
尋找檔案D:\wamp\www\h9\01a\admin\language\en-gb\extension\payment\pp_standard.php |結果:找到檔案並刪除檔案
尋找檔案D:\wamp\www\h9\01a\admin\language\en-gb\extension\payment\realex.php |結果:找到檔案並刪除檔案
尋找檔案D:\wamp\www\h9\01a\admin\language\en-gb\extension\payment\realex_remote.php |結果:找到檔案並刪除檔案
尋找檔案D:\wamp\www\h9\01a\admin\language\en-gb\extension\payment\sagepay_direct.php |結果:找到檔案並刪除檔案
尋找檔案D:\wamp\www\h9\01a\admin\language\en-gb\extension\payment\sagepay_server.php |結果:找到檔案並刪除檔案
尋找檔案D:\wamp\www\h9\01a\admin\language\en-gb\extension\payment\sagepay_us.php |結果:找到檔案並刪除檔案
尋找檔案D:\wamp\www\h9\01a\admin\language\en-gb\extension\payment\securetrading_pp.php |結果:找到檔案並刪除檔案
尋找檔案D:\wamp\www\h9\01a\admin\language\en-gb\extension\payment\securetrading_ws.php |結果:找到檔案並刪除檔案
尋找檔案D:\wamp\www\h9\01a\admin\language\en-gb\extension\payment\skrill.php |結果:找到檔案並刪除檔案
尋找檔案D:\wamp\www\h9\01a\admin\language\en-gb\extension\payment\twocheckout.php |結果:找到檔案並刪除檔案
尋找檔案D:\wamp\www\h9\01a\admin\language\en-gb\extension\payment\web_payment_software.php |結果:找到檔案並刪除檔案
尋找檔案D:\wamp\www\h9\01a\admin\language\en-gb\extension\payment\worldpay.php |結果:找到檔案並刪除檔案
尋找檔案D:\wamp\www\h9\01a\admin\language\en-gb\extension\shipping\auspost.php |結果:找到檔案並刪除檔案
尋找檔案D:\wamp\www\h9\01a\admin\language\en-gb\extension\shipping\citylink.php |結果:找到檔案並刪除檔案
尋找檔案D:\wamp\www\h9\01a\admin\language\en-gb\extension\shipping\fedex.php |結果:找到檔案並刪除檔案
尋找檔案D:\wamp\www\h9\01a\admin\language\en-gb\extension\shipping\flat.php |結果:找到檔案並刪除檔案
尋找檔案D:\wamp\www\h9\01a\admin\language\en-gb\extension\shipping\free.php |結果:找到檔案並刪除檔案
尋找檔案D:\wamp\www\h9\01a\admin\language\en-gb\extension\shipping\item.php |結果:找到檔案並刪除檔案
尋找檔案D:\wamp\www\h9\01a\admin\language\en-gb\extension\shipping\parcelforce_48.php |結果:找到檔案並刪除檔案
尋找檔案D:\wamp\www\h9\01a\admin\language\en-gb\extension\shipping\pickup.php |結果:找到檔案並刪除檔案
尋找檔案D:\wamp\www\h9\01a\admin\language\en-gb\extension\shipping\royal_mail.php |結果:找到檔案並刪除檔案
尋找檔案D:\wamp\www\h9\01a\admin\language\en-gb\extension\shipping\ups.php |結果:找到檔案並刪除檔案
尋找檔案D:\wamp\www\h9\01a\admin\language\en-gb\extension\shipping\usps.php |結果:找到檔案並刪除檔案
尋找檔案D:\wamp\www\h9\01a\admin\language\en-gb\extension\shipping\weight.php |結果:找到檔案並刪除檔案
尋找檔案D:\wamp\www\h9\01a\admin\language\en-gb\extension\store.php |結果:找到檔案並刪除檔案
尋找檔案D:\wamp\www\h9\01a\admin\language\en-gb\extension\theme\theme_default.php |結果:找到檔案並刪除檔案
尋找檔案D:\wamp\www\h9\01a\admin\language\en-gb\extension\total\coupon.php |結果:找到檔案並刪除檔案
尋找檔案D:\wamp\www\h9\01a\admin\language\en-gb\extension\total\credit.php |結果:找到檔案並刪除檔案
尋找檔案D:\wamp\www\h9\01a\admin\language\en-gb\extension\total\handling.php |結果:找到檔案並刪除檔案
尋找檔案D:\wamp\www\h9\01a\admin\language\en-gb\extension\total\klarna_fee.php |結果:找到檔案並刪除檔案
尋找檔案D:\wamp\www\h9\01a\admin\language\en-gb\extension\total\low_order_fee.php |結果:找到檔案並刪除檔案
尋找檔案D:\wamp\www\h9\01a\admin\language\en-gb\extension\total\reward.php |結果:找到檔案並刪除檔案
尋找檔案D:\wamp\www\h9\01a\admin\language\en-gb\extension\total\shipping.php |結果:找到檔案並刪除檔案
尋找檔案D:\wamp\www\h9\01a\admin\language\en-gb\extension\total\sub_total.php |結果:找到檔案並刪除檔案
尋找檔案D:\wamp\www\h9\01a\admin\language\en-gb\extension\total\tax.php |結果:找到檔案並刪除檔案
尋找檔案D:\wamp\www\h9\01a\admin\language\en-gb\extension\total\total.php |結果:找到檔案並刪除檔案
尋找檔案D:\wamp\www\h9\01a\admin\language\en-gb\extension\total\voucher.php |結果:找到檔案並刪除檔案
尋找檔案D:\wamp\www\h9\01a\admin\language\en-gb\localisation\country.php |結果:沒找到檔案
尋找檔案D:\wamp\www\h9\01a\admin\language\en-gb\localisation\currency.php |結果:沒找到檔案
尋找檔案D:\wamp\www\h9\01a\admin\language\en-gb\localisation\geo_zone.php |結果:沒找到檔案
尋找檔案D:\wamp\www\h9\01a\admin\language\en-gb\localisation\language.php |結果:沒找到檔案
尋找檔案D:\wamp\www\h9\01a\admin\language\en-gb\localisation\length_class.php |結果:沒找到檔案
尋找檔案D:\wamp\www\h9\01a\admin\language\en-gb\localisation\location.php |結果:沒找到檔案
尋找檔案D:\wamp\www\h9\01a\admin\language\en-gb\localisation\order_status.php |結果:沒找到檔案
尋找檔案D:\wamp\www\h9\01a\admin\language\en-gb\localisation\return_action.php |結果:沒找到檔案
尋找檔案D:\wamp\www\h9\01a\admin\language\en-gb\localisation\return_reason.php |結果:沒找到檔案
尋找檔案D:\wamp\www\h9\01a\admin\language\en-gb\localisation\return_status.php |結果:沒找到檔案
尋找檔案D:\wamp\www\h9\01a\admin\language\en-gb\localisation\stock_status.php |結果:沒找到檔案
尋找檔案D:\wamp\www\h9\01a\admin\language\en-gb\localisation\tax_class.php |結果:沒找到檔案
尋找檔案D:\wamp\www\h9\01a\admin\language\en-gb\localisation\tax_rate.php |結果:沒找到檔案
尋找檔案D:\wamp\www\h9\01a\admin\language\en-gb\localisation\weight_class.php |結果:沒找到檔案
尋找檔案D:\wamp\www\h9\01a\admin\language\en-gb\localisation\zone.php |結果:沒找到檔案
尋找檔案D:\wamp\www\h9\01a\admin\language\en-gb\mail\affiliate.php |結果:沒找到檔案
尋找檔案D:\wamp\www\h9\01a\admin\language\en-gb\mail\customer.php |結果:沒找到檔案
尋找檔案D:\wamp\www\h9\01a\admin\language\en-gb\mail\forgotten.php |結果:沒找到檔案
尋找檔案D:\wamp\www\h9\01a\admin\language\en-gb\mail\return.php |結果:沒找到檔案
尋找檔案D:\wamp\www\h9\01a\admin\language\en-gb\mail\voucher.php |結果:沒找到檔案
尋找檔案D:\wamp\www\h9\01a\admin\language\en-gb\marketing\affiliate.php |結果:沒找到檔案
尋找檔案D:\wamp\www\h9\01a\admin\language\en-gb\marketing\contact.php |結果:沒找到檔案
尋找檔案D:\wamp\www\h9\01a\admin\language\en-gb\marketing\coupon.php |結果:沒找到檔案
尋找檔案D:\wamp\www\h9\01a\admin\language\en-gb\marketing\marketing.php |結果:沒找到檔案
尋找檔案D:\wamp\www\h9\01a\admin\language\en-gb\report\affiliate.php |結果:沒找到檔案
尋找檔案D:\wamp\www\h9\01a\admin\language\en-gb\report\affiliate_activity.php |結果:沒找到檔案
尋找檔案D:\wamp\www\h9\01a\admin\language\en-gb\report\customer_activity.php |結果:沒找到檔案
尋找檔案D:\wamp\www\h9\01a\admin\language\en-gb\report\customer_credit.php |結果:沒找到檔案
尋找檔案D:\wamp\www\h9\01a\admin\language\en-gb\report\customer_online.php |結果:沒找到檔案
尋找檔案D:\wamp\www\h9\01a\admin\language\en-gb\report\customer_order.php |結果:沒找到檔案
尋找檔案D:\wamp\www\h9\01a\admin\language\en-gb\report\customer_reward.php |結果:沒找到檔案
尋找檔案D:\wamp\www\h9\01a\admin\language\en-gb\report\customer_search.php |結果:沒找到檔案
尋找檔案D:\wamp\www\h9\01a\admin\language\en-gb\report\marketing.php |結果:沒找到檔案
尋找檔案D:\wamp\www\h9\01a\admin\language\en-gb\report\product_purchased.php |結果:沒找到檔案
尋找檔案D:\wamp\www\h9\01a\admin\language\en-gb\report\product_viewed.php |結果:沒找到檔案
尋找檔案D:\wamp\www\h9\01a\admin\language\en-gb\report\sale_coupon.php |結果:沒找到檔案
尋找檔案D:\wamp\www\h9\01a\admin\language\en-gb\report\sale_order.php |結果:沒找到檔案
尋找檔案D:\wamp\www\h9\01a\admin\language\en-gb\report\sale_return.php |結果:沒找到檔案
尋找檔案D:\wamp\www\h9\01a\admin\language\en-gb\report\sale_shipping.php |結果:沒找到檔案
尋找檔案D:\wamp\www\h9\01a\admin\language\en-gb\report\sale_tax.php |結果:沒找到檔案
尋找檔案D:\wamp\www\h9\01a\admin\language\en-gb\sale\order.php |結果:沒找到檔案
尋找檔案D:\wamp\www\h9\01a\admin\language\en-gb\sale\recurring.php |結果:沒找到檔案
尋找檔案D:\wamp\www\h9\01a\admin\language\en-gb\sale\return.php |結果:沒找到檔案
尋找檔案D:\wamp\www\h9\01a\admin\language\en-gb\sale\voucher.php |結果:沒找到檔案
尋找檔案D:\wamp\www\h9\01a\admin\language\en-gb\sale\voucher_theme.php |結果:沒找到檔案
尋找檔案D:\wamp\www\h9\01a\admin\language\en-gb\setting\setting.php |結果:沒找到檔案
尋找檔案D:\wamp\www\h9\01a\admin\language\en-gb\setting\store.php |結果:沒找到檔案
尋找檔案D:\wamp\www\h9\01a\admin\language\en-gb\tool\backup.php |結果:沒找到檔案
尋找檔案D:\wamp\www\h9\01a\admin\language\en-gb\tool\log.php |結果:沒找到檔案
尋找檔案D:\wamp\www\h9\01a\admin\language\en-gb\tool\upload.php |結果:沒找到檔案
尋找檔案D:\wamp\www\h9\01a\admin\language\en-gb\user\api.php |結果:沒找到檔案
尋找檔案D:\wamp\www\h9\01a\admin\language\en-gb\user\user.php |結果:沒找到檔案
尋找檔案D:\wamp\www\h9\01a\admin\language\en-gb\user\user_group.php |結果:沒找到檔案
尋找檔案D:\wamp\www\h9\01a\admin\language\en-gb\en-gb.php |結果:沒找到檔案
尋找檔案D:\wamp\www\h9\01a\admin\language\en-gb\en-gb.png |結果:沒找到檔案
尋找檔案D:\wamp\www\h9\01a\catalog\language\en-gb\account\account.php |結果:沒找到檔案
尋找檔案D:\wamp\www\h9\01a\catalog\language\en-gb\account\address.php |結果:沒找到檔案
尋找檔案D:\wamp\www\h9\01a\catalog\language\en-gb\account\download.php |結果:沒找到檔案
尋找檔案D:\wamp\www\h9\01a\catalog\language\en-gb\account\edit.php |結果:沒找到檔案
尋找檔案D:\wamp\www\h9\01a\catalog\language\en-gb\account\forgotten.php |結果:沒找到檔案
尋找檔案D:\wamp\www\h9\01a\catalog\language\en-gb\account\login.php |結果:沒找到檔案
尋找檔案D:\wamp\www\h9\01a\catalog\language\en-gb\account\logout.php |結果:沒找到檔案
尋找檔案D:\wamp\www\h9\01a\catalog\language\en-gb\account\newsletter.php |結果:沒找到檔案
尋找檔案D:\wamp\www\h9\01a\catalog\language\en-gb\account\order.php |結果:沒找到檔案
尋找檔案D:\wamp\www\h9\01a\catalog\language\en-gb\account\password.php |結果:沒找到檔案
尋找檔案D:\wamp\www\h9\01a\catalog\language\en-gb\account\recurring.php |結果:沒找到檔案
尋找檔案D:\wamp\www\h9\01a\catalog\language\en-gb\account\register.php |結果:沒找到檔案
尋找檔案D:\wamp\www\h9\01a\catalog\language\en-gb\account\reset.php |結果:沒找到檔案
尋找檔案D:\wamp\www\h9\01a\catalog\language\en-gb\account\return.php |結果:沒找到檔案
尋找檔案D:\wamp\www\h9\01a\catalog\language\en-gb\account\reward.php |結果:沒找到檔案
尋找檔案D:\wamp\www\h9\01a\catalog\language\en-gb\account\success.php |結果:沒找到檔案
尋找檔案D:\wamp\www\h9\01a\catalog\language\en-gb\account\transaction.php |結果:沒找到檔案
尋找檔案D:\wamp\www\h9\01a\catalog\language\en-gb\account\voucher.php |結果:沒找到檔案
尋找檔案D:\wamp\www\h9\01a\catalog\language\en-gb\account\wishlist.php |結果:沒找到檔案
尋找檔案D:\wamp\www\h9\01a\catalog\language\en-gb\affiliate\account.php |結果:沒找到檔案
尋找檔案D:\wamp\www\h9\01a\catalog\language\en-gb\affiliate\edit.php |結果:沒找到檔案
尋找檔案D:\wamp\www\h9\01a\catalog\language\en-gb\affiliate\forgotten.php |結果:沒找到檔案
尋找檔案D:\wamp\www\h9\01a\catalog\language\en-gb\affiliate\login.php |結果:沒找到檔案
尋找檔案D:\wamp\www\h9\01a\catalog\language\en-gb\affiliate\logout.php |結果:沒找到檔案
尋找檔案D:\wamp\www\h9\01a\catalog\language\en-gb\affiliate\password.php |結果:沒找到檔案
尋找檔案D:\wamp\www\h9\01a\catalog\language\en-gb\affiliate\payment.php |結果:沒找到檔案
尋找檔案D:\wamp\www\h9\01a\catalog\language\en-gb\affiliate\register.php |結果:沒找到檔案
尋找檔案D:\wamp\www\h9\01a\catalog\language\en-gb\affiliate\success.php |結果:沒找到檔案
尋找檔案D:\wamp\www\h9\01a\catalog\language\en-gb\affiliate\tracking.php |結果:沒找到檔案
尋找檔案D:\wamp\www\h9\01a\catalog\language\en-gb\affiliate\transaction.php |結果:沒找到檔案
尋找檔案D:\wamp\www\h9\01a\catalog\language\en-gb\api\cart.php |結果:沒找到檔案
尋找檔案D:\wamp\www\h9\01a\catalog\language\en-gb\api\coupon.php |結果:沒找到檔案
尋找檔案D:\wamp\www\h9\01a\catalog\language\en-gb\api\currency.php |結果:沒找到檔案
尋找檔案D:\wamp\www\h9\01a\catalog\language\en-gb\api\customer.php |結果:沒找到檔案
尋找檔案D:\wamp\www\h9\01a\catalog\language\en-gb\api\login.php |結果:沒找到檔案
尋找檔案D:\wamp\www\h9\01a\catalog\language\en-gb\api\order.php |結果:沒找到檔案
尋找檔案D:\wamp\www\h9\01a\catalog\language\en-gb\api\payment.php |結果:沒找到檔案
尋找檔案D:\wamp\www\h9\01a\catalog\language\en-gb\api\reward.php |結果:沒找到檔案
尋找檔案D:\wamp\www\h9\01a\catalog\language\en-gb\api\shipping.php |結果:沒找到檔案
尋找檔案D:\wamp\www\h9\01a\catalog\language\en-gb\api\voucher.php |結果:沒找到檔案
尋找檔案D:\wamp\www\h9\01a\catalog\language\en-gb\checkout\cart.php |結果:沒找到檔案
尋找檔案D:\wamp\www\h9\01a\catalog\language\en-gb\checkout\checkout.php |結果:沒找到檔案
尋找檔案D:\wamp\www\h9\01a\catalog\language\en-gb\checkout\currency.php |結果:沒找到檔案
尋找檔案D:\wamp\www\h9\01a\catalog\language\en-gb\checkout\failure.php |結果:沒找到檔案
尋找檔案D:\wamp\www\h9\01a\catalog\language\en-gb\checkout\success.php |結果:沒找到檔案
尋找檔案D:\wamp\www\h9\01a\catalog\language\en-gb\common\cart.php |結果:沒找到檔案
尋找檔案D:\wamp\www\h9\01a\catalog\language\en-gb\common\currency.php |結果:沒找到檔案
尋找檔案D:\wamp\www\h9\01a\catalog\language\en-gb\common\footer.php |結果:沒找到檔案
尋找檔案D:\wamp\www\h9\01a\catalog\language\en-gb\common\header.php |結果:沒找到檔案
尋找檔案D:\wamp\www\h9\01a\catalog\language\en-gb\common\language.php |結果:沒找到檔案
尋找檔案D:\wamp\www\h9\01a\catalog\language\en-gb\common\maintenance.php |結果:沒找到檔案
尋找檔案D:\wamp\www\h9\01a\catalog\language\en-gb\common\search.php |結果:沒找到檔案
尋找檔案D:\wamp\www\h9\01a\catalog\language\en-gb\error\not_found.php |結果:沒找到檔案
尋找檔案D:\wamp\www\h9\01a\catalog\language\en-gb\extension\captcha\basic_captcha.php |結果:找到檔案並刪除檔案
尋找檔案D:\wamp\www\h9\01a\catalog\language\en-gb\extension\captcha\google_captcha.php |結果:找到檔案並刪除檔案
尋找檔案D:\wamp\www\h9\01a\catalog\language\en-gb\extension\credit_card\sagepay_direct.php |結果:找到檔案並刪除檔案
尋找檔案D:\wamp\www\h9\01a\catalog\language\en-gb\extension\credit_card\sagepay_server.php |結果:找到檔案並刪除檔案
尋找檔案D:\wamp\www\h9\01a\catalog\language\en-gb\extension\module\account.php |結果:找到檔案並刪除檔案
尋找檔案D:\wamp\www\h9\01a\catalog\language\en-gb\extension\module\affiliate.php |結果:找到檔案並刪除檔案
尋找檔案D:\wamp\www\h9\01a\catalog\language\en-gb\extension\module\bestseller.php |結果:找到檔案並刪除檔案
尋找檔案D:\wamp\www\h9\01a\catalog\language\en-gb\extension\module\category.php |結果:找到檔案並刪除檔案
尋找檔案D:\wamp\www\h9\01a\catalog\language\en-gb\extension\module\divido_calculator.php |結果:找到檔案並刪除檔案
尋找檔案D:\wamp\www\h9\01a\catalog\language\en-gb\extension\module\ebay_listing.php |結果:找到檔案並刪除檔案
尋找檔案D:\wamp\www\h9\01a\catalog\language\en-gb\extension\module\featured.php |結果:找到檔案並刪除檔案
尋找檔案D:\wamp\www\h9\01a\catalog\language\en-gb\extension\module\filter.php |結果:找到檔案並刪除檔案
尋找檔案D:\wamp\www\h9\01a\catalog\language\en-gb\extension\module\google_hangouts.php |結果:找到檔案並刪除檔案
尋找檔案D:\wamp\www\h9\01a\catalog\language\en-gb\extension\module\information.php |結果:找到檔案並刪除檔案
尋找檔案D:\wamp\www\h9\01a\catalog\language\en-gb\extension\module\latest.php |結果:找到檔案並刪除檔案
尋找檔案D:\wamp\www\h9\01a\catalog\language\en-gb\extension\module\laybuy_layout.php |結果:找到檔案並刪除檔案
尋找檔案D:\wamp\www\h9\01a\catalog\language\en-gb\extension\module\special.php |結果:找到檔案並刪除檔案
尋找檔案D:\wamp\www\h9\01a\catalog\language\en-gb\extension\module\store.php |結果:找到檔案並刪除檔案
尋找檔案D:\wamp\www\h9\01a\catalog\language\en-gb\extension\openbay\amazonus_order.php |結果:找到檔案並刪除檔案
尋找檔案D:\wamp\www\h9\01a\catalog\language\en-gb\extension\openbay\amazon_order.php |結果:找到檔案並刪除檔案
尋找檔案D:\wamp\www\h9\01a\catalog\language\en-gb\extension\openbay\ebay_order.php |結果:找到檔案並刪除檔案
尋找檔案D:\wamp\www\h9\01a\catalog\language\en-gb\extension\openbay\etsy_order.php |結果:找到檔案並刪除檔案
尋找檔案D:\wamp\www\h9\01a\catalog\language\en-gb\extension\payment\amazon_login_pay.php |結果:找到檔案並刪除檔案
尋找檔案D:\wamp\www\h9\01a\catalog\language\en-gb\extension\payment\authorizenet_aim.php |結果:找到檔案並刪除檔案
尋找檔案D:\wamp\www\h9\01a\catalog\language\en-gb\extension\payment\authorizenet_sim.php |結果:找到檔案並刪除檔案
尋找檔案D:\wamp\www\h9\01a\catalog\language\en-gb\extension\payment\bank_transfer.php |結果:找到檔案並刪除檔案
尋找檔案D:\wamp\www\h9\01a\catalog\language\en-gb\extension\payment\bluepay_hosted.php |結果:找到檔案並刪除檔案
尋找檔案D:\wamp\www\h9\01a\catalog\language\en-gb\extension\payment\bluepay_redirect.php |結果:找到檔案並刪除檔案
尋找檔案D:\wamp\www\h9\01a\catalog\language\en-gb\extension\payment\cardconnect.php |結果:找到檔案並刪除檔案
尋找檔案D:\wamp\www\h9\01a\catalog\language\en-gb\extension\payment\cardinity.php |結果:找到檔案並刪除檔案
尋找檔案D:\wamp\www\h9\01a\catalog\language\en-gb\extension\payment\cheque.php |結果:找到檔案並刪除檔案
尋找檔案D:\wamp\www\h9\01a\catalog\language\en-gb\extension\payment\cod.php |結果:找到檔案並刪除檔案
尋找檔案D:\wamp\www\h9\01a\catalog\language\en-gb\extension\payment\divido.php |結果:找到檔案並刪除檔案
尋找檔案D:\wamp\www\h9\01a\catalog\language\en-gb\extension\payment\eway.php |結果:找到檔案並刪除檔案
尋找檔案D:\wamp\www\h9\01a\catalog\language\en-gb\extension\payment\firstdata.php |結果:找到檔案並刪除檔案
尋找檔案D:\wamp\www\h9\01a\catalog\language\en-gb\extension\payment\firstdata_remote.php |結果:找到檔案並刪除檔案
尋找檔案D:\wamp\www\h9\01a\catalog\language\en-gb\extension\payment\free_checkout.php |結果:找到檔案並刪除檔案
尋找檔案D:\wamp\www\h9\01a\catalog\language\en-gb\extension\payment\g2apay.php |結果:找到檔案並刪除檔案
尋找檔案D:\wamp\www\h9\01a\catalog\language\en-gb\extension\payment\globalpay.php |結果:找到檔案並刪除檔案
尋找檔案D:\wamp\www\h9\01a\catalog\language\en-gb\extension\payment\globalpay_remote.php |結果:找到檔案並刪除檔案
尋找檔案D:\wamp\www\h9\01a\catalog\language\en-gb\extension\payment\klarna_account.php |結果:找到檔案並刪除檔案
尋找檔案D:\wamp\www\h9\01a\catalog\language\en-gb\extension\payment\klarna_checkout.php |結果:找到檔案並刪除檔案
尋找檔案D:\wamp\www\h9\01a\catalog\language\en-gb\extension\payment\klarna_invoice.php |結果:找到檔案並刪除檔案
尋找檔案D:\wamp\www\h9\01a\catalog\language\en-gb\extension\payment\laybuy.php |結果:找到檔案並刪除檔案
尋找檔案D:\wamp\www\h9\01a\catalog\language\en-gb\extension\payment\liqpay.php |結果:找到檔案並刪除檔案
尋找檔案D:\wamp\www\h9\01a\catalog\language\en-gb\extension\payment\nochex.php |結果:找到檔案並刪除檔案
尋找檔案D:\wamp\www\h9\01a\catalog\language\en-gb\extension\payment\paymate.php |結果:找到檔案並刪除檔案
尋找檔案D:\wamp\www\h9\01a\catalog\language\en-gb\extension\payment\paypoint.php |結果:找到檔案並刪除檔案
尋找檔案D:\wamp\www\h9\01a\catalog\language\en-gb\extension\payment\payza.php |結果:找到檔案並刪除檔案
尋找檔案D:\wamp\www\h9\01a\catalog\language\en-gb\extension\payment\perpetual_payments.php |結果:找到檔案並刪除檔案
尋找檔案D:\wamp\www\h9\01a\catalog\language\en-gb\extension\payment\pilibaba.php |結果:找到檔案並刪除檔案
尋找檔案D:\wamp\www\h9\01a\catalog\language\en-gb\extension\payment\pp_express.php |結果:找到檔案並刪除檔案
尋找檔案D:\wamp\www\h9\01a\catalog\language\en-gb\extension\payment\pp_payflow.php |結果:找到檔案並刪除檔案
尋找檔案D:\wamp\www\h9\01a\catalog\language\en-gb\extension\payment\pp_payflow_iframe.php |結果:找到檔案並刪除檔案
尋找檔案D:\wamp\www\h9\01a\catalog\language\en-gb\extension\payment\pp_pro.php |結果:找到檔案並刪除檔案
尋找檔案D:\wamp\www\h9\01a\catalog\language\en-gb\extension\payment\pp_pro_iframe.php |結果:找到檔案並刪除檔案
尋找檔案D:\wamp\www\h9\01a\catalog\language\en-gb\extension\payment\pp_standard.php |結果:找到檔案並刪除檔案
尋找檔案D:\wamp\www\h9\01a\catalog\language\en-gb\extension\payment\realex.php |結果:找到檔案並刪除檔案
尋找檔案D:\wamp\www\h9\01a\catalog\language\en-gb\extension\payment\realex_remote.php |結果:找到檔案並刪除檔案
尋找檔案D:\wamp\www\h9\01a\catalog\language\en-gb\extension\payment\sagepay_direct.php |結果:找到檔案並刪除檔案
尋找檔案D:\wamp\www\h9\01a\catalog\language\en-gb\extension\payment\sagepay_server.php |結果:找到檔案並刪除檔案
尋找檔案D:\wamp\www\h9\01a\catalog\language\en-gb\extension\payment\sagepay_us.php |結果:找到檔案並刪除檔案
尋找檔案D:\wamp\www\h9\01a\catalog\language\en-gb\extension\payment\securetrading_pp.php |結果:找到檔案並刪除檔案
尋找檔案D:\wamp\www\h9\01a\catalog\language\en-gb\extension\payment\securetrading_ws.php |結果:找到檔案並刪除檔案
尋找檔案D:\wamp\www\h9\01a\catalog\language\en-gb\extension\payment\skrill.php |結果:找到檔案並刪除檔案
尋找檔案D:\wamp\www\h9\01a\catalog\language\en-gb\extension\payment\twocheckout.php |結果:找到檔案並刪除檔案
尋找檔案D:\wamp\www\h9\01a\catalog\language\en-gb\extension\payment\web_payment_software.php |結果:找到檔案並刪除檔案
尋找檔案D:\wamp\www\h9\01a\catalog\language\en-gb\extension\payment\worldpay.php |結果:找到檔案並刪除檔案
尋找檔案D:\wamp\www\h9\01a\catalog\language\en-gb\extension\recurring\pp_express.php |結果:找到檔案並刪除檔案
尋找檔案D:\wamp\www\h9\01a\catalog\language\en-gb\extension\shipping\auspost.php |結果:找到檔案並刪除檔案
尋找檔案D:\wamp\www\h9\01a\catalog\language\en-gb\extension\shipping\citylink.php |結果:找到檔案並刪除檔案
尋找檔案D:\wamp\www\h9\01a\catalog\language\en-gb\extension\shipping\fedex.php |結果:找到檔案並刪除檔案
尋找檔案D:\wamp\www\h9\01a\catalog\language\en-gb\extension\shipping\flat.php |結果:找到檔案並刪除檔案
尋找檔案D:\wamp\www\h9\01a\catalog\language\en-gb\extension\shipping\free.php |結果:找到檔案並刪除檔案
尋找檔案D:\wamp\www\h9\01a\catalog\language\en-gb\extension\shipping\item.php |結果:找到檔案並刪除檔案
尋找檔案D:\wamp\www\h9\01a\catalog\language\en-gb\extension\shipping\parcelforce_48.php |結果:找到檔案並刪除檔案
尋找檔案D:\wamp\www\h9\01a\catalog\language\en-gb\extension\shipping\pickup.php |結果:找到檔案並刪除檔案
尋找檔案D:\wamp\www\h9\01a\catalog\language\en-gb\extension\shipping\royal_mail.php |結果:找到檔案並刪除檔案
尋找檔案D:\wamp\www\h9\01a\catalog\language\en-gb\extension\shipping\ups.php |結果:找到檔案並刪除檔案
尋找檔案D:\wamp\www\h9\01a\catalog\language\en-gb\extension\shipping\usps.php |結果:找到檔案並刪除檔案
尋找檔案D:\wamp\www\h9\01a\catalog\language\en-gb\extension\shipping\weight.php |結果:找到檔案並刪除檔案
尋找檔案D:\wamp\www\h9\01a\catalog\language\en-gb\extension\total\coupon.php |結果:找到檔案並刪除檔案
尋找檔案D:\wamp\www\h9\01a\catalog\language\en-gb\extension\total\credit.php |結果:找到檔案並刪除檔案
尋找檔案D:\wamp\www\h9\01a\catalog\language\en-gb\extension\total\handling.php |結果:找到檔案並刪除檔案
尋找檔案D:\wamp\www\h9\01a\catalog\language\en-gb\extension\total\klarna_fee.php |結果:找到檔案並刪除檔案
尋找檔案D:\wamp\www\h9\01a\catalog\language\en-gb\extension\total\low_order_fee.php |結果:找到檔案並刪除檔案
尋找檔案D:\wamp\www\h9\01a\catalog\language\en-gb\extension\total\reward.php |結果:找到檔案並刪除檔案
尋找檔案D:\wamp\www\h9\01a\catalog\language\en-gb\extension\total\shipping.php |結果:找到檔案並刪除檔案
尋找檔案D:\wamp\www\h9\01a\catalog\language\en-gb\extension\total\sub_total.php |結果:找到檔案並刪除檔案
尋找檔案D:\wamp\www\h9\01a\catalog\language\en-gb\extension\total\total.php |結果:找到檔案並刪除檔案
尋找檔案D:\wamp\www\h9\01a\catalog\language\en-gb\extension\total\voucher.php |結果:找到檔案並刪除檔案
尋找檔案D:\wamp\www\h9\01a\catalog\language\en-gb\information\contact.php |結果:沒找到檔案
尋找檔案D:\wamp\www\h9\01a\catalog\language\en-gb\information\information.php |結果:沒找到檔案
尋找檔案D:\wamp\www\h9\01a\catalog\language\en-gb\information\sitemap.php |結果:沒找到檔案
尋找檔案D:\wamp\www\h9\01a\catalog\language\en-gb\mail\affiliate.php |結果:沒找到檔案
尋找檔案D:\wamp\www\h9\01a\catalog\language\en-gb\mail\customer.php |結果:沒找到檔案
尋找檔案D:\wamp\www\h9\01a\catalog\language\en-gb\mail\forgotten.php |結果:沒找到檔案
尋找檔案D:\wamp\www\h9\01a\catalog\language\en-gb\mail\order.php |結果:沒找到檔案
尋找檔案D:\wamp\www\h9\01a\catalog\language\en-gb\mail\review.php |結果:沒找到檔案
尋找檔案D:\wamp\www\h9\01a\catalog\language\en-gb\mail\voucher.php |結果:沒找到檔案
尋找檔案D:\wamp\www\h9\01a\catalog\language\en-gb\product\category.php |結果:沒找到檔案
尋找檔案D:\wamp\www\h9\01a\catalog\language\en-gb\product\compare.php |結果:沒找到檔案
尋找檔案D:\wamp\www\h9\01a\catalog\language\en-gb\product\manufacturer.php |結果:沒找到檔案
尋找檔案D:\wamp\www\h9\01a\catalog\language\en-gb\product\product.php |結果:沒找到檔案
尋找檔案D:\wamp\www\h9\01a\catalog\language\en-gb\product\search.php |結果:沒找到檔案
尋找檔案D:\wamp\www\h9\01a\catalog\language\en-gb\product\special.php |結果:沒找到檔案
尋找檔案D:\wamp\www\h9\01a\catalog\language\en-gb\tool\upload.php |結果:沒找到檔案
尋找檔案D:\wamp\www\h9\01a\catalog\language\en-gb\en-gb.php |結果:沒找到檔案
尋找檔案D:\wamp\www\h9\01a\catalog\language\en-gb\en-gb.png |結果:沒找到檔案
統計D:\wamp\www\h9\01a目錄下有檔案338個，和D:\wamp\www\h9\01zh-TW目錄下相同檔案271個，以刪除檔案271個